\BOOKMARK [1][]{section.1}{\376\377\133\236\232\214\116\000\000\040\126\376\120\317\156\344\154\342}{}% 1
\BOOKMARK [2][]{subsection.1.1}{\376\377\133\236\232\214\166\356\166\204}{section.1}% 2
\BOOKMARK [2][]{subsection.1.2}{\376\377\133\236\232\214\123\237\164\006}{section.1}% 3
\BOOKMARK [3][]{subsubsection.1.2.1}{\376\377\232\330\145\257\166\175\126\152\130\360}{subsection.1.2}% 4
\BOOKMARK [3][]{subsubsection.1.2.2}{\376\377\120\205\221\314\123\366\123\330\143\142}{subsection.1.2}% 5
\BOOKMARK [3][]{subsubsection.1.2.3}{\376\377\117\116\220\032\156\344\154\342\126\150}{subsection.1.2}% 6
\BOOKMARK [3][]{subsubsection.1.2.4}{\376\377\127\107\120\074\156\344\154\342}{subsection.1.2}% 7
\BOOKMARK [2][]{subsection.1.3}{\376\377\133\236\232\214\155\101\172\013}{section.1}% 8
\BOOKMARK [2][]{subsection.1.4}{\376\377\133\236\232\214\172\013\136\217}{section.1}% 9
\BOOKMARK [2][]{subsection.1.5}{\376\377\133\236\232\214\176\323\147\234\124\214\122\006\147\220}{section.1}% 10
\BOOKMARK [1][]{section.2}{\376\377\133\236\232\214\116\214\000\040\126\376\120\317\123\330\143\142}{}% 11
\BOOKMARK [2][]{subsection.2.1}{\376\377\133\236\232\214\166\356\166\204}{section.2}% 12
\BOOKMARK [2][]{subsection.2.2}{\376\377\133\236\232\214\123\237\164\006}{section.2}% 13
\BOOKMARK [3][]{subsubsection.2.2.1}{\376\377\126\376\120\317\123\315\217\154}{subsection.2.2}% 14
\BOOKMARK [3][]{subsubsection.2.2.2}{\376\377\133\371\145\160\123\330\143\142}{subsection.2.2}% 15
\BOOKMARK [3][]{subsubsection.2.2.3}{\376\377\136\102\153\041\123\330\143\142}{subsection.2.2}% 16
\BOOKMARK [3][]{subsubsection.2.2.4}{\376\377\117\177\165\050\173\227\147\057\060\001\220\073\217\221\144\315\117\134\217\333\210\114\130\236\137\072}{subsection.2.2}% 17
\BOOKMARK [2][]{subsection.2.3}{\376\377\133\236\232\214\155\101\172\013}{section.2}% 18
\BOOKMARK [2][]{subsection.2.4}{\376\377\133\236\232\214\172\013\136\217}{section.2}% 19
\BOOKMARK [2][]{subsection.2.5}{\376\377\133\236\232\214\176\323\147\234\124\214\122\006\147\220}{section.2}% 20
\BOOKMARK [3][]{subsubsection.2.5.1}{\376\377\123\315\217\154\123\330\143\142}{subsection.2.5}% 21
\BOOKMARK [3][]{subsubsection.2.5.2}{\376\377\136\102\153\041\123\330\143\142}{subsection.2.5}% 22
\BOOKMARK [3][]{subsubsection.2.5.3}{\376\377\133\371\145\160\123\330\143\142}{subsection.2.5}% 23
\BOOKMARK [3][]{subsubsection.2.5.4}{\376\377\220\145\141\037\126\376\120\317\123\330\123\026\150\300\155\113}{subsection.2.5}% 24
\BOOKMARK [1][]{section.3}{\376\377\133\236\232\214\116\011\000\040\126\376\120\317\207\215\124\010}{}% 25
\BOOKMARK [2][]{subsection.3.1}{\376\377\133\236\232\214\166\356\166\204}{section.3}% 26
\BOOKMARK [2][]{subsection.3.2}{\376\377\133\236\232\214\123\237\164\006}{section.3}% 27
\BOOKMARK [3][]{subsubsection.3.2.1}{\376\377\126\376\120\317\207\215\124\010\166\204\151\202\137\365}{subsection.3.2}% 28
\BOOKMARK [3][]{subsubsection.3.2.2}{\376\377\173\200\123\125\166\204\126\376\120\317\207\215\124\010\173\227\154\325}{subsection.3.2}% 29
\BOOKMARK [3][]{subsubsection.3.2.3}{\376\377\137\151\202\162\126\376\120\317\166\204\122\006\211\343\116\016\124\010\142\020}{subsection.3.2}% 30
\BOOKMARK [3][]{subsubsection.3.2.4}{\376\377\137\151\202\162\126\376\120\317\124\010\142\020}{subsection.3.2}% 31
\BOOKMARK [3][]{subsubsection.3.2.5}{\376\377\220\032\217\307\126\376\120\317\207\215\124\010\137\227\122\060\123\330\123\026\150\300\155\113\135\356\137\002\126\376}{subsection.3.2}% 32
\BOOKMARK [2][]{subsection.3.3}{\376\377\133\236\232\214\155\101\172\013}{section.3}% 33
\BOOKMARK [2][]{subsection.3.4}{\376\377\133\236\232\214\172\013\136\217}{section.3}% 34
\BOOKMARK [2][]{subsection.3.5}{\376\377\133\236\232\214\176\323\147\234\124\214\122\006\147\220}{section.3}% 35
\BOOKMARK [3][]{subsubsection.3.5.1}{\376\377\165\037\142\020\137\151\202\162\126\376\120\317\166\204\200\375\221\317\126\376\120\317}{subsection.3.5}% 36
\BOOKMARK [3][]{subsubsection.3.5.2}{\376\377\137\151\202\162\126\376\120\317\166\204\122\006\211\343\123\330\143\142\116\016\124\010\142\020}{subsection.3.5}% 37
\BOOKMARK [3][]{subsubsection.3.5.3}{\376\377\137\151\202\162\126\376\120\317\116\044\220\032\220\123\126\376\120\317\135\356\137\002}{subsection.3.5}% 38
\BOOKMARK [3][]{subsubsection.3.5.4}{\376\377\135\356\137\002\126\376\120\317\166\204\207\215\124\010}{subsection.3.5}% 39
\BOOKMARK [3][]{subsubsection.3.5.5}{\376\377\150\007\213\260\121\164\215\243\123\072\127\337}{subsection.3.5}% 40
