\BOOKMARK [1][]{section.1}{\376\377\133\236\232\214\126\333\000\040\145\340\166\321\167\143\122\006\174\173}{}% 1
\BOOKMARK [2][]{subsection.1.1}{\376\377\133\236\232\214\166\356\166\204}{section.1}% 2
\BOOKMARK [2][]{subsection.1.2}{\376\377\133\236\232\214\123\237\164\006}{section.1}% 3
\BOOKMARK [3][]{subsubsection.1.2.1}{\376\377\126\376\120\317\122\006\174\173\166\204\151\202\137\365}{subsection.1.2}% 4
\BOOKMARK [3][]{subsubsection.1.2.2}{\376\377\000k\127\107\120\074\200\132\174\173\173\227\154\325}{subsection.1.2}% 5
\BOOKMARK [2][]{subsection.1.3}{\376\377\133\236\232\214\155\101\172\013}{section.1}% 6
\BOOKMARK [2][]{subsection.1.4}{\376\377\133\236\232\214\172\013\136\217}{section.1}% 7
\BOOKMARK [2][]{subsection.1.5}{\376\377\133\236\232\214\176\323\147\234\124\214\122\006\147\220}{section.1}% 8
\BOOKMARK [1][]{section.2}{\376\377\133\236\232\214\116\224\000\040\166\321\167\143\122\006\174\173}{}% 9
\BOOKMARK [2][]{subsection.2.1}{\376\377\133\236\232\214\166\356\166\204}{section.2}% 10
\BOOKMARK [2][]{subsection.2.2}{\376\377\133\236\232\214\123\237\164\006}{section.2}% 11
\BOOKMARK [3][]{subsubsection.2.2.1}{\376\377\176\277\140\047\122\044\122\053\121\375\145\160\166\204\133\232\116\111}{subsection.2.2}% 12
\BOOKMARK [3][]{subsubsection.2.2.2}{\376\377\131\032\174\173\140\305\121\265}{subsection.2.2}% 13
\BOOKMARK [2][]{subsection.2.3}{\376\377\133\236\232\214\155\101\172\013}{section.2}% 14
\BOOKMARK [2][]{subsection.2.4}{\376\377\133\236\232\214\172\013\136\217}{section.2}% 15
\BOOKMARK [2][]{subsection.2.5}{\376\377\133\236\232\214\176\323\147\234\124\214\122\006\147\220}{section.2}% 16
\BOOKMARK [1][]{section.3}{\376\377\133\236\232\214\121\155\000\040\226\306\142\020\133\146\116\140\116\016\122\006\174\173\140\047\200\375\213\304\116\367}{}% 17
\BOOKMARK [2][]{subsection.3.1}{\376\377\133\236\232\214\166\356\166\204}{section.3}% 18
\BOOKMARK [2][]{subsection.3.2}{\376\377\133\236\232\214\123\237\164\006}{section.3}% 19
\BOOKMARK [2][]{subsection.3.3}{\376\377\133\236\232\214\155\101\172\013}{section.3}% 20
\BOOKMARK [2][]{subsection.3.4}{\376\377\133\236\232\214\172\013\136\217}{section.3}% 21
\BOOKMARK [2][]{subsection.3.5}{\376\377\133\236\232\214\176\323\147\234\124\214\122\006\147\220}{section.3}% 22
